Traceback (most recent call last):
  File "/Users/marlong/Library/Python/3.10/lib/python/site-packages/jupyter_cache/executors/utils.py", line 58, in single_nb_execution
    executenb(
  File "/Library/Frameworks/Python.framework/Versions/3.10/lib/python3.10/site-packages/nbclient/client.py", line 1304, in execute
    return NotebookClient(nb=nb, resources=resources, km=km, **kwargs).execute()
  File "/Library/Frameworks/Python.framework/Versions/3.10/lib/python3.10/site-packages/jupyter_core/utils/__init__.py", line 166, in wrapped
    return loop.run_until_complete(inner)
  File "/Library/Frameworks/Python.framework/Versions/3.10/lib/python3.10/asyncio/base_events.py", line 649, in run_until_complete
    return future.result()
  File "/Library/Frameworks/Python.framework/Versions/3.10/lib/python3.10/site-packages/nbclient/client.py", line 705, in async_execute
    await self.async_execute_cell(
  File "/Library/Frameworks/Python.framework/Versions/3.10/lib/python3.10/site-packages/nbclient/client.py", line 1020, in async_execute_cell
    await self._check_raise_for_error(cell, cell_index, exec_reply)
  File "/Library/Frameworks/Python.framework/Versions/3.10/lib/python3.10/site-packages/nbclient/client.py", line 914, in _check_raise_for_error
    raise CellExecutionError.from_cell_and_msg(cell, exec_reply_content)
nbclient.exceptions.CellExecutionError: An error occurred while executing the following cell:
------------------
import numpy as np
import jax.numpy as jnp
from jax.scipy.linalg import solve

# Definimos la matriz de coeficientes (lado izquierdo del sistema)
A = jnp.array([[2, 1, 1],
              [1, 3, 2],
              [3, 2, 1]])

# Definimos el vector de términos independientes (lado derecho del sistema)
b = jnp.array([100, 150, 200])

# Resolvemos el sistema
solucion = solve(A, b)

# Mostramos los resultados
print(f"Producción óptima de cada producto:")
print(f"Producto A: {solucion[0]:.2f} unidades")
print(f"Producto B: {solucion[1]:.2f} unidades")
print(f"Producto C: {solucion[2]:.2f} unidades")
------------------

[0;31m---------------------------------------------------------------------------[0m
[0;31mModuleNotFoundError[0m                       Traceback (most recent call last)
Cell [0;32mIn[1], line 2[0m
[1;32m      1[0m [38;5;28;01mimport[39;00m[38;5;250m [39m[38;5;21;01mnumpy[39;00m[38;5;250m [39m[38;5;28;01mas[39;00m[38;5;250m [39m[38;5;21;01mnp[39;00m
[0;32m----> 2[0m [38;5;28;01mimport[39;00m[38;5;250m [39m[38;5;21;01mjax[39;00m[38;5;21;01m.[39;00m[38;5;21;01mnumpy[39;00m[38;5;250m [39m[38;5;28;01mas[39;00m[38;5;250m [39m[38;5;21;01mjnp[39;00m
[1;32m      3[0m [38;5;28;01mfrom[39;00m[38;5;250m [39m[38;5;21;01mjax[39;00m[38;5;21;01m.[39;00m[38;5;21;01mscipy[39;00m[38;5;21;01m.[39;00m[38;5;21;01mlinalg[39;00m[38;5;250m [39m[38;5;28;01mimport[39;00m solve
[1;32m      5[0m [38;5;66;03m# Definimos la matriz de coeficientes (lado izquierdo del sistema)[39;00m

[0;31mModuleNotFoundError[0m: No module named 'jax'
ModuleNotFoundError: No module named 'jax'

