Traceback (most recent call last):
  File "/Users/marlong/jbook_env/lib/python3.10/site-packages/jupyter_cache/executors/utils.py", line 58, in single_nb_execution
    executenb(
  File "/Users/marlong/jbook_env/lib/python3.10/site-packages/nbclient/client.py", line 1319, in execute
    return NotebookClient(nb=nb, resources=resources, km=km, **kwargs).execute()
  File "/Users/marlong/jbook_env/lib/python3.10/site-packages/jupyter_core/utils/__init__.py", line 165, in wrapped
    return loop.run_until_complete(inner)
  File "/Library/Frameworks/Python.framework/Versions/3.10/lib/python3.10/asyncio/base_events.py", line 649, in run_until_complete
    return future.result()
  File "/Users/marlong/jbook_env/lib/python3.10/site-packages/nbclient/client.py", line 709, in async_execute
    await self.async_execute_cell(
  File "/Users/marlong/jbook_env/lib/python3.10/site-packages/nbclient/client.py", line 1062, in async_execute_cell
    await self._check_raise_for_error(cell, cell_index, exec_reply)
  File "/Users/marlong/jbook_env/lib/python3.10/site-packages/nbclient/client.py", line 918, in _check_raise_for_error
    raise CellExecutionError.from_cell_and_msg(cell, exec_reply_content)
nbclient.exceptions.CellExecutionError: An error occurred while executing the following cell:
------------------
import networkx as nx
import matplotlib.pyplot as plt

# Crear un grafo dirigido
G = nx.DiGraph()

# Nodos (influencers)
nodos = ['I1', 'I2', 'I3', 'I4', 'I5']
G.add_nodes_from(nodos)

# Aristas con pesos (influencia)
aristas_con_pesos = [
    ('I1', 'I2', 0.8), ('I1', 'I4', 0.6), ('I1', 'I5', 0.7),
    ('I2', 'I3', 0.9), ('I2', 'I4', 0.5),
    ('I3', 'I1', 0.4), ('I3', 'I4', 0.8),
    ('I4', 'I5', 0.9),
    ('I5', 'I2', 0.6), ('I5', 'I3', 0.7)
]

# Agregar aristas al grafo
for origen, destino, peso in aristas_con_pesos:
    G.add_edge(origen, destino, weight=peso)

# Posición de los nodos
pos = nx.spring_layout(G, seed=42)  # puedes usar circular_layout, kamada_kawai_layout, etc.

# Dibujar nodos y aristas
nx.draw(G, pos, with_labels=True, node_size=2000, node_color='lightblue', font_size=12, arrows=True)

# Dibujar los pesos
labels = nx.get_edge_attributes(G, 'weight')
nx.draw_networkx_edge_labels(G, pos, edge_labels=labels)

# Mostrar
plt.title("Red de Influencia entre Influencers")
plt.show()
------------------


[0;31m---------------------------------------------------------------------------[0m
[0;31mModuleNotFoundError[0m                       Traceback (most recent call last)
Cell [0;32mIn[7], line 1[0m
[0;32m----> 1[0m [38;5;28;01mimport[39;00m[38;5;250m [39m[38;5;21;01mnetworkx[39;00m[38;5;250m [39m[38;5;28;01mas[39;00m[38;5;250m [39m[38;5;21;01mnx[39;00m
[1;32m      2[0m [38;5;28;01mimport[39;00m[38;5;250m [39m[38;5;21;01mmatplotlib[39;00m[38;5;21;01m.[39;00m[38;5;21;01mpyplot[39;00m[38;5;250m [39m[38;5;28;01mas[39;00m[38;5;250m [39m[38;5;21;01mplt[39;00m
[1;32m      4[0m [38;5;66;03m# Crear un grafo dirigido[39;00m

[0;31mModuleNotFoundError[0m: No module named 'networkx'

