Traceback (most recent call last):
  File "/Users/marlong/jbook_env/lib/python3.10/site-packages/jupyter_cache/executors/utils.py", line 58, in single_nb_execution
    executenb(
  File "/Users/marlong/jbook_env/lib/python3.10/site-packages/nbclient/client.py", line 1319, in execute
    return NotebookClient(nb=nb, resources=resources, km=km, **kwargs).execute()
  File "/Users/marlong/jbook_env/lib/python3.10/site-packages/jupyter_core/utils/__init__.py", line 165, in wrapped
    return loop.run_until_complete(inner)
  File "/Library/Frameworks/Python.framework/Versions/3.10/lib/python3.10/asyncio/base_events.py", line 649, in run_until_complete
    return future.result()
  File "/Users/marlong/jbook_env/lib/python3.10/site-packages/nbclient/client.py", line 709, in async_execute
    await self.async_execute_cell(
  File "/Users/marlong/jbook_env/lib/python3.10/site-packages/nbclient/client.py", line 1062, in async_execute_cell
    await self._check_raise_for_error(cell, cell_index, exec_reply)
  File "/Users/marlong/jbook_env/lib/python3.10/site-packages/nbclient/client.py", line 918, in _check_raise_for_error
    raise CellExecutionError.from_cell_and_msg(cell, exec_reply_content)
nbclient.exceptions.CellExecutionError: An error occurred while executing the following cell:
------------------
# =========================
# Parte técnica común
# =========================
x, t_sym = sp.symbols('x t')
dxdt = a * x - b * x**2
sol = sp.dsolve(sp.Derivative(x, t_sym) - dxdt, x)
sp.pprint(sol)

------------------


[0;31m---------------------------------------------------------------------------[0m
[0;31mValueError[0m                                Traceback (most recent call last)
Cell [0;32mIn[6], line 6[0m
[1;32m      4[0m x, t_sym [38;5;241m=[39m sp[38;5;241m.[39msymbols([38;5;124m'[39m[38;5;124mx t[39m[38;5;124m'[39m)
[1;32m      5[0m dxdt [38;5;241m=[39m a [38;5;241m*[39m x [38;5;241m-[39m b [38;5;241m*[39m x[38;5;241m*[39m[38;5;241m*[39m[38;5;241m2[39m
[0;32m----> 6[0m sol [38;5;241m=[39m [43msp[49m[38;5;241;43m.[39;49m[43mdsolve[49m[43m([49m[43msp[49m[38;5;241;43m.[39;49m[43mDerivative[49m[43m([49m[43mx[49m[43m,[49m[43m [49m[43mt_sym[49m[43m)[49m[43m [49m[38;5;241;43m-[39;49m[43m [49m[43mdxdt[49m[43m,[49m[43m [49m[43mx[49m[43m)[49m
[1;32m      7[0m sp[38;5;241m.[39mpprint(sol)

File [0;32m~/jbook_env/lib/python3.10/site-packages/sympy/solvers/ode/ode.py:605[0m, in [0;36mdsolve[0;34m(eq, func, hint, simplify, ics, xi, eta, x0, n, **kwargs)[0m
[1;32m    602[0m given_hint [38;5;241m=[39m hint  [38;5;66;03m# hint given by the user[39;00m
[1;32m    604[0m [38;5;66;03m# See the docstring of _desolve for more details.[39;00m
[0;32m--> 605[0m hints [38;5;241m=[39m [43m_desolve[49m[43m([49m[43meq[49m[43m,[49m[43m [49m[43mfunc[49m[38;5;241;43m=[39;49m[43mfunc[49m[43m,[49m
[1;32m    606[0m [43m    [49m[43mhint[49m[38;5;241;43m=[39;49m[43mhint[49m[43m,[49m[43m [49m[43msimplify[49m[38;5;241;43m=[39;49m[38;5;28;43;01mTrue[39;49;00m[43m,[49m[43m [49m[43mxi[49m[38;5;241;43m=[39;49m[43mxi[49m[43m,[49m[43m [49m[43meta[49m[38;5;241;43m=[39;49m[43meta[49m[43m,[49m[43m [49m[38;5;28;43mtype[39;49m[38;5;241;43m=[39;49m[38;5;124;43m'[39;49m[38;5;124;43mode[39;49m[38;5;124;43m'[39;49m[43m,[49m[43m [49m[43mics[49m[38;5;241;43m=[39;49m[43mics[49m[43m,[49m
[1;32m    607[0m [43m    [49m[43mx0[49m[38;5;241;43m=[39;49m[43mx0[49m[43m,[49m[43m [49m[43mn[49m[38;5;241;43m=[39;49m[43mn[49m[43m,[49m[43m [49m[38;5;241;43m*[39;49m[38;5;241;43m*[39;49m[43mkwargs[49m[43m)[49m
[1;32m    608[0m eq [38;5;241m=[39m hints[38;5;241m.[39mpop([38;5;124m'[39m[38;5;124meq[39m[38;5;124m'[39m, eq)
[1;32m    609[0m all_ [38;5;241m=[39m hints[38;5;241m.[39mpop([38;5;124m'[39m[38;5;124mall[39m[38;5;124m'[39m, [38;5;28;01mFalse[39;00m)

File [0;32m~/jbook_env/lib/python3.10/site-packages/sympy/solvers/deutils.py:209[0m, in [0;36m_desolve[0;34m(eq, func, hint, ics, simplify, prep, **kwargs)[0m
[1;32m    205[0m [38;5;66;03m# Magic that should only be used internally.  Prevents classify_ode from[39;00m
[1;32m    206[0m [38;5;66;03m# being called more than it needs to be by passing its results through[39;00m
[1;32m    207[0m [38;5;66;03m# recursive calls.[39;00m
[1;32m    208[0m [38;5;28;01mif[39;00m kwargs[38;5;241m.[39mget([38;5;124m'[39m[38;5;124mclassify[39m[38;5;124m'[39m, [38;5;28;01mTrue[39;00m):
[0;32m--> 209[0m     hints [38;5;241m=[39m [43mclassifier[49m[43m([49m[43meq[49m[43m,[49m[43m [49m[43mfunc[49m[43m,[49m[43m [49m[38;5;28;43mdict[39;49m[38;5;241;43m=[39;49m[38;5;28;43;01mTrue[39;49;00m[43m,[49m[43m [49m[43mics[49m[38;5;241;43m=[39;49m[43mics[49m[43m,[49m[43m [49m[43mxi[49m[38;5;241;43m=[39;49m[43mxi[49m[43m,[49m[43m [49m[43meta[49m[38;5;241;43m=[39;49m[43meta[49m[43m,[49m
[1;32m    210[0m [43m    [49m[43mn[49m[38;5;241;43m=[39;49m[43mterms[49m[43m,[49m[43m [49m[43mx0[49m[38;5;241;43m=[39;49m[43mx0[49m[43m,[49m[43m [49m[43mhint[49m[38;5;241;43m=[39;49m[43mhint[49m[43m,[49m[43m [49m[43mprep[49m[38;5;241;43m=[39;49m[43mprep[49m[43m)[49m
[1;32m    212[0m [38;5;28;01melse[39;00m:
[1;32m    213[0m     [38;5;66;03m# Here is what all this means:[39;00m
[1;32m    214[0m     [38;5;66;03m#[39;00m
[0;32m   (...)[0m
[1;32m    223[0m     [38;5;66;03m#          hint.[39;00m
[1;32m    224[0m     [38;5;66;03m# order:   The order of the DE, as determined by ode_order().[39;00m
[1;32m    225[0m     hints [38;5;241m=[39m kwargs[38;5;241m.[39mget([38;5;124m'[39m[38;5;124mhint[39m[38;5;124m'[39m,
[1;32m    226[0m                        {[38;5;124m'[39m[38;5;124mdefault[39m[38;5;124m'[39m: hint,
[1;32m    227[0m                         hint: kwargs[[38;5;124m'[39m[38;5;124mmatch[39m[38;5;124m'[39m],
[1;32m    228[0m                         [38;5;124m'[39m[38;5;124morder[39m[38;5;124m'[39m: kwargs[[38;5;124m'[39m[38;5;124morder[39m[38;5;124m'[39m]})

File [0;32m~/jbook_env/lib/python3.10/site-packages/sympy/solvers/ode/ode.py:949[0m, in [0;36mclassify_ode[0;34m(eq, func, dict, ics, prep, xi, eta, n, **kwargs)[0m
[1;32m    946[0m ics [38;5;241m=[39m sympify(ics)
[1;32m    948[0m [38;5;28;01mif[39;00m func [38;5;129;01mand[39;00m [38;5;28mlen[39m(func[38;5;241m.[39margs) [38;5;241m!=[39m [38;5;241m1[39m:
[0;32m--> 949[0m     [38;5;28;01mraise[39;00m [38;5;167;01mValueError[39;00m([38;5;124m"[39m[38;5;124mdsolve() and classify_ode() only [39m[38;5;124m"[39m
[1;32m    950[0m     [38;5;124m"[39m[38;5;124mwork with functions of one variable, not [39m[38;5;132;01m%s[39;00m[38;5;124m"[39m [38;5;241m%[39m func)
[1;32m    952[0m [38;5;28;01mif[39;00m [38;5;28misinstance[39m(eq, Equality):
[1;32m    953[0m     eq [38;5;241m=[39m eq[38;5;241m.[39mlhs [38;5;241m-[39m eq[38;5;241m.[39mrhs

[0;31mValueError[0m: dsolve() and classify_ode() only work with functions of one variable, not x

