Traceback (most recent call last):
  File "/Users/marlong/jbook_env/lib/python3.10/site-packages/jupyter_cache/executors/utils.py", line 58, in single_nb_execution
    executenb(
  File "/Users/marlong/jbook_env/lib/python3.10/site-packages/nbclient/client.py", line 1319, in execute
    return NotebookClient(nb=nb, resources=resources, km=km, **kwargs).execute()
  File "/Users/marlong/jbook_env/lib/python3.10/site-packages/jupyter_core/utils/__init__.py", line 165, in wrapped
    return loop.run_until_complete(inner)
  File "/Library/Frameworks/Python.framework/Versions/3.10/lib/python3.10/asyncio/base_events.py", line 649, in run_until_complete
    return future.result()
  File "/Users/marlong/jbook_env/lib/python3.10/site-packages/nbclient/client.py", line 709, in async_execute
    await self.async_execute_cell(
  File "/Users/marlong/jbook_env/lib/python3.10/site-packages/nbclient/client.py", line 1062, in async_execute_cell
    await self._check_raise_for_error(cell, cell_index, exec_reply)
  File "/Users/marlong/jbook_env/lib/python3.10/site-packages/nbclient/client.py", line 918, in _check_raise_for_error
    raise CellExecutionError.from_cell_and_msg(cell, exec_reply_content)
nbclient.exceptions.CellExecutionError: An error occurred while executing the following cell:
------------------
# Parámetros
k = 0       # Constante de resistencia del aire (kg/s)

# Resolviendo la ecuación diferencial
sol = solve_ivp(rocket_velocity, t_span, [v0], t_eval=t_eval)

# Graficando la solución
plt.figure(figsize=(10, 6))
plt.plot(sol.t, sol.y[0], label='Velocidad del cohete (m/s)')
plt.xlabel('Tiempo (s)')
plt.ylabel('Velocidad (m/s)')
plt.title('Velocidad del cohete considerando gravedad y despreciando la resistencia del aire')
plt.grid(True)
plt.legend()
plt.show()
------------------


[0;31m---------------------------------------------------------------------------[0m
[0;31mTypeError[0m                                 Traceback (most recent call last)
Cell [0;32mIn[4], line 5[0m
[1;32m      2[0m k [38;5;241m=[39m [38;5;241m0[39m       [38;5;66;03m# Constante de resistencia del aire (kg/s)[39;00m
[1;32m      4[0m [38;5;66;03m# Resolviendo la ecuación diferencial[39;00m
[0;32m----> 5[0m sol [38;5;241m=[39m [43msolve_ivp[49m[43m([49m[43mrocket_velocity[49m[43m,[49m[43m [49m[43mt_span[49m[43m,[49m[43m [49m[43m[[49m[43mv0[49m[43m][49m[43m,[49m[43m [49m[43mt_eval[49m[38;5;241;43m=[39;49m[43mt_eval[49m[43m)[49m
[1;32m      7[0m [38;5;66;03m# Graficando la solución[39;00m
[1;32m      8[0m plt[38;5;241m.[39mfigure(figsize[38;5;241m=[39m([38;5;241m10[39m, [38;5;241m6[39m))

File [0;32m~/jbook_env/lib/python3.10/site-packages/scipy/integrate/_ivp/ivp.py:621[0m, in [0;36msolve_ivp[0;34m(fun, t_span, y0, method, t_eval, dense_output, events, vectorized, args, **options)[0m
[1;32m    618[0m [38;5;28;01mif[39;00m method [38;5;129;01min[39;00m METHODS:
[1;32m    619[0m     method [38;5;241m=[39m METHODS[method]
[0;32m--> 621[0m solver [38;5;241m=[39m [43mmethod[49m[43m([49m[43mfun[49m[43m,[49m[43m [49m[43mt0[49m[43m,[49m[43m [49m[43my0[49m[43m,[49m[43m [49m[43mtf[49m[43m,[49m[43m [49m[43mvectorized[49m[38;5;241;43m=[39;49m[43mvectorized[49m[43m,[49m[43m [49m[38;5;241;43m*[39;49m[38;5;241;43m*[39;49m[43moptions[49m[43m)[49m
[1;32m    623[0m [38;5;28;01mif[39;00m t_eval [38;5;129;01mis[39;00m [38;5;28;01mNone[39;00m:
[1;32m    624[0m     ts [38;5;241m=[39m [t0]

File [0;32m~/jbook_env/lib/python3.10/site-packages/scipy/integrate/_ivp/rk.py:94[0m, in [0;36mRungeKutta.__init__[0;34m(self, fun, t0, y0, t_bound, max_step, rtol, atol, vectorized, first_step, **extraneous)[0m
[1;32m     92[0m [38;5;28mself[39m[38;5;241m.[39mmax_step [38;5;241m=[39m validate_max_step(max_step)
[1;32m     93[0m [38;5;28mself[39m[38;5;241m.[39mrtol, [38;5;28mself[39m[38;5;241m.[39matol [38;5;241m=[39m validate_tol(rtol, atol, [38;5;28mself[39m[38;5;241m.[39mn)
[0;32m---> 94[0m [38;5;28mself[39m[38;5;241m.[39mf [38;5;241m=[39m [38;5;28;43mself[39;49m[38;5;241;43m.[39;49m[43mfun[49m[43m([49m[38;5;28;43mself[39;49m[38;5;241;43m.[39;49m[43mt[49m[43m,[49m[43m [49m[38;5;28;43mself[39;49m[38;5;241;43m.[39;49m[43my[49m[43m)[49m
[1;32m     95[0m [38;5;28;01mif[39;00m first_step [38;5;129;01mis[39;00m [38;5;28;01mNone[39;00m:
[1;32m     96[0m     [38;5;28mself[39m[38;5;241m.[39mh_abs [38;5;241m=[39m select_initial_step(
[1;32m     97[0m         [38;5;28mself[39m[38;5;241m.[39mfun, [38;5;28mself[39m[38;5;241m.[39mt, [38;5;28mself[39m[38;5;241m.[39my, t_bound, max_step, [38;5;28mself[39m[38;5;241m.[39mf, [38;5;28mself[39m[38;5;241m.[39mdirection,
[1;32m     98[0m         [38;5;28mself[39m[38;5;241m.[39merror_estimator_order, [38;5;28mself[39m[38;5;241m.[39mrtol, [38;5;28mself[39m[38;5;241m.[39matol)

File [0;32m~/jbook_env/lib/python3.10/site-packages/scipy/integrate/_ivp/base.py:154[0m, in [0;36mOdeSolver.__init__.<locals>.fun[0;34m(t, y)[0m
[1;32m    152[0m [38;5;28;01mdef[39;00m[38;5;250m [39m[38;5;21mfun[39m(t, y):
[1;32m    153[0m     [38;5;28mself[39m[38;5;241m.[39mnfev [38;5;241m+[39m[38;5;241m=[39m [38;5;241m1[39m
[0;32m--> 154[0m     [38;5;28;01mreturn[39;00m [38;5;28;43mself[39;49m[38;5;241;43m.[39;49m[43mfun_single[49m[43m([49m[43mt[49m[43m,[49m[43m [49m[43my[49m[43m)[49m

File [0;32m~/jbook_env/lib/python3.10/site-packages/scipy/integrate/_ivp/base.py:23[0m, in [0;36mcheck_arguments.<locals>.fun_wrapped[0;34m(t, y)[0m
[1;32m     22[0m [38;5;28;01mdef[39;00m[38;5;250m [39m[38;5;21mfun_wrapped[39m(t, y):
[0;32m---> 23[0m     [38;5;28;01mreturn[39;00m [43mnp[49m[38;5;241;43m.[39;49m[43masarray[49m[43m([49m[43mfun[49m[43m([49m[43mt[49m[43m,[49m[43m [49m[43my[49m[43m)[49m[43m,[49m[43m [49m[43mdtype[49m[38;5;241;43m=[39;49m[43mdtype[49m[43m)[49m

File [0;32m~/jbook_env/lib/python3.10/site-packages/sympy/core/expr.py:375[0m, in [0;36mExpr.__float__[0;34m(self)[0m
[1;32m    373[0m [38;5;28;01mif[39;00m result[38;5;241m.[39mis_number [38;5;129;01mand[39;00m result[38;5;241m.[39mas_real_imag()[[38;5;241m1[39m]:
[1;32m    374[0m     [38;5;28;01mraise[39;00m [38;5;167;01mTypeError[39;00m([38;5;124m"[39m[38;5;124mCannot convert complex to float[39m[38;5;124m"[39m)
[0;32m--> 375[0m [38;5;28;01mraise[39;00m [38;5;167;01mTypeError[39;00m([38;5;124m"[39m[38;5;124mCannot convert expression to float[39m[38;5;124m"[39m)

[0;31mTypeError[0m: Cannot convert expression to float

